<?xml version="1.0" encoding="UTF-8"?>
<!-- Generated by org.testng.reporters.JUnitReportReporter -->
<testsuite hostname="LAPTOP-CC6D02LD" name="com.testpack.PIMtest" tests="2" failures="0" timestamp="28 Apr 2020 12:42:15 GMT" time="57.792" errors="0">
  <testcase name="pimtest" time="27.269" classname="com.testpack.PIMtest"/>
  <testcase name="Addemployeetest" time="30.523" classname="com.testpack.PIMtest"/>
</testsuite> <!-- com.testpack.PIMtest -->
