<?xml version="1.0" encoding="UTF-8"?>
<!-- Generated by org.testng.reporters.JUnitReportReporter -->
<testsuite hostname="LAPTOP-CC6D02LD" name="com.testpack.Adminpagetest" tests="4" failures="0" timestamp="28 Apr 2020 12:42:15 GMT" time="118.344" errors="0">
  <testcase name="adminklinktest" time="48.081" classname="com.testpack.Adminpagetest"/>
  <testcase name="pmlinkisavilable" time="25.202" classname="com.testpack.Adminpagetest"/>
  <testcase name="welcom" time="22.323" classname="com.testpack.Adminpagetest"/>
  <testcase name="reculink" time="22.738" classname="com.testpack.Adminpagetest"/>
</testsuite> <!-- com.testpack.Adminpagetest -->
