<?xml version="1.0" encoding="UTF-8"?>
<!-- Generated by org.testng.reporters.JUnitReportReporter -->
<testsuite hostname="LAPTOP-CC6D02LD" name="com.testpack.adminlinktest" tests="1" failures="0" timestamp="28 Apr 2020 12:42:15 GMT" time="23.100" errors="0">
  <testcase name="admintest" time="23.100" classname="com.testpack.adminlinktest"/>
</testsuite> <!-- com.testpack.adminlinktest -->
