<?xml version="1.0" encoding="UTF-8"?>
<!-- Generated by org.testng.reporters.JUnitReportReporter -->
<testsuite hostname="LAPTOP-CC6D02LD" name="parentclass.Apputils" tests="1" failures="0" timestamp="21 Apr 2020 03:44:22 GMT" time="36.313" errors="0">
  <testcase name="intilization" time="36.313" classname="parentclass.Apputils"/>
</testsuite> <!-- parentclass.Apputils -->
